[20200810-06:18:23] [CORE ] main: app started pid 2046(0x000007fe)
[20200810-06:18:23] [INFO ] main: DISPLAY env var set to :10.0
[20200810-06:18:23] [INFO ] main: using DISPLAY 10
[20200810-06:18:23] [INFO ] channel_thread_loop: thread start
[20200810-06:18:24] [INFO ] Socket 12: AF_UNIX connection received
[20200810-06:18:25] [INFO ] send_init_response_message:
[20200810-06:36:48] [ERROR] clipboard_event_selection_request: unknown target text/plain;charset=utf-8
[20200810-06:39:31] [INFO ] channel_thread_loop: trans_check_wait_objs error resetting
[20200810-06:39:37] [INFO ] Socket 12: AF_UNIX connection received
[20200810-06:39:37] [INFO ] send_init_response_message:
[20200810-06:42:01] [INFO ] channel_thread_loop: trans_check_wait_objs error resetting
[20200810-06:42:01] [INFO ] Socket 12: AF_UNIX connection received
[20200810-06:42:02] [INFO ] send_init_response_message:
[20200810-06:47:35] [INFO ] channel_thread_loop: trans_check_wait_objs error resetting
[20200810-06:47:41] [INFO ] Socket 12: AF_UNIX connection received
[20200810-06:47:41] [INFO ] send_init_response_message:
[20200810-06:49:24] [INFO ] channel_thread_loop: trans_check_wait_objs error resetting
[20200810-06:49:43] [INFO ] Socket 12: AF_UNIX connection received
[20200810-06:49:43] [INFO ] send_init_response_message:
[20200810-07:18:47] [ERROR] clipboard_event_selection_request: unknown target text/plain;charset=utf-8
[20200810-07:30:20] [ERROR] clipboard_event_selection_request: unknown target text/plain;charset=utf-8
[20200810-07:31:46] [INFO ] channel_thread_loop: trans_check_wait_objs error resetting
[20200810-07:31:53] [INFO ] Socket 12: AF_UNIX connection received
[20200810-07:31:53] [INFO ] send_init_response_message:
[20200810-07:38:49] [ERROR] clipboard_event_selection_request: unknown target text/plain;charset=utf-8
[20200810-07:49:32] [ERROR] clipboard_event_selection_request: unknown target text/plain;charset=utf-8
[20200810-08:03:38] [ERROR] clipboard_event_selection_request: unknown target text/plain;charset=utf-8
[20200810-08:17:12] [ERROR] clipboard_event_selection_request: unknown target text/plain;charset=utf-8
[20200810-08:17:47] [ERROR] clipboard_event_selection_request: unknown target text/plain;charset=utf-8
[20200810-09:19:54] [ERROR] clipboard_event_selection_request: unknown target text/plain;charset=utf-8
[20200810-09:36:40] [ERROR] clipboard_event_selection_request: unknown target text/plain;charset=utf-8
